0000-                  2                .TF     countup.hex,int
0000-                  3        *
0000-                  4        * 1802 Membership Card Count up program
0000-                  5        * SB-Assembler
0000-                  6        *
0000-                  7                .CR     1802
0000-                  8                .OR     $0000
0000-                  9        *
0000-E3               10 (   2) START:  SEX 3     X<-R3
0001-90               11 (   2)         GHI 0     D<-R0.1 (D<-zero)
0002-B3               12 (   2)         PHI 3     R3.0<-0
0003-F8 0D            13 (   2)         LDI #$0D
0005-A3               14 (   2)         PLO 3     R3.0<-$0D
0006-94               15 (   2) LOOP1:  GHI 4     R4 is counter
0007-53               16 (   2)         STR 3
0008-64               17 (   2)         OUT 4
0009-23               18 (   2)         DEC 3
000A-14               19 (   2)         INC 4
000B-30 06            20 (   2)         BR LOOP1
000D-                 21        *
000D-                 22                .EN
